  Source.cpp
C:\Users\Shadow\Desktop\CThread-Eft\CThread-Eft\Vector.hpp(220,65): warning C4244: 'argument': conversion from 'double' to 'float', possible loss of data
C:\Users\Shadow\Desktop\CThread-Eft\CThread-Eft\Vector.hpp(269,21): warning C4244: '=': conversion from 'double' to 'float', possible loss of data
C:\Users\Shadow\Desktop\CThread-Eft\CThread-Eft\Vector.hpp(270,21): warning C4244: '=': conversion from 'double' to 'float', possible loss of data
C:\Users\Shadow\Desktop\CThread-Eft\CThread-Eft\Vector.hpp(271,24): warning C4244: '=': conversion from 'double' to 'float', possible loss of data
C:\Users\Shadow\Desktop\CThread-Eft\CThread-Eft\Vector.hpp(272,24): warning C4244: '=': conversion from 'double' to 'float', possible loss of data
C:\Users\Shadow\Desktop\CThread-Eft\CThread-Eft\loot.hpp(24,28): warning C4129: ',': unrecognized character escape sequence
C:\Users\Shadow\Desktop\CThread-Eft\CThread-Eft\loot.hpp(25,32): warning C4129: ',': unrecognized character escape sequence
C:\Users\Shadow\Desktop\CThread-Eft\CThread-Eft\mono.hpp(11,11): error C2086: 'uintptr_t mono_dll_address': redefinition
C:\Users\Shadow\Desktop\CThread-Eft\CThread-Eft\glob.hpp(6,11): message : see declaration of 'mono_dll_address'
C:\Users\Shadow\Desktop\CThread-Eft\CThread-Eft\mono.hpp(14,28): error C4996: 'std::codecvt_utf8_utf16<char16_t,1114111,(std::codecvt_mode)0>': warning STL4017: std::wbuffer_convert, std::wstring_convert, and the <codecvt> header (containing std::codecvt_mode, std::codecvt_utf8, std::codecvt_utf16, and std::codecvt_utf8_utf16) are deprecated in C++17. (The std::codecvt class template is NOT deprecated.) The C++ Standard doesn't provide equivalent non-deprecated functionality; consider using MultiByteToWideChar() and WideCharToMultiByte() from <Windows.h> instead. You can define _SILENCE_CXX17_CODECVT_HEADER_DEPRECATION_WARNING or _SILENCE_ALL_CXX17_DEPRECATION_WARNINGS to suppress this warning.
C:\Program Files\Microsoft Visual Studio\2022\Community\VC\Tools\MSVC\14.34.31933\include\codecvt(440,1): message : see declaration of 'std::codecvt_utf8_utf16'
C:\Users\Shadow\Desktop\CThread-Eft\CThread-Eft\mono.hpp(14,7): error C4996: 'std::wstring_convert<std::codecvt_utf8_utf16<char16_t,1114111,(std::codecvt_mode)0>,char16_t,std::allocator<char16_t>,std::allocator<char>>': warning STL4017: std::wbuffer_convert, std::wstring_convert, and the <codecvt> header (containing std::codecvt_mode, std::codecvt_utf8, std::codecvt_utf16, and std::codecvt_utf8_utf16) are deprecated in C++17. (The std::codecvt class template is NOT deprecated.) The C++ Standard doesn't provide equivalent non-deprecated functionality; consider using MultiByteToWideChar() and WideCharToMultiByte() from <Windows.h> instead. You can define _SILENCE_CXX17_CODECVT_HEADER_DEPRECATION_WARNING or _SILENCE_ALL_CXX17_DEPRECATION_WARNINGS to suppress this warning.
C:\Program Files\Microsoft Visual Studio\2022\Community\VC\Tools\MSVC\14.34.31933\include\xlocbuf(302,1): message : see declaration of 'std::wstring_convert'
C:\Users\Shadow\Desktop\CThread-Eft\CThread-Eft\mono.hpp(14,68): error C4996: 'std::wstring_convert<std::codecvt_utf8_utf16<char16_t,1114111,(std::codecvt_mode)0>,char16_t,std::allocator<char16_t>,std::allocator<char>>::__autoclassinit2': warning STL4017: std::wbuffer_convert, std::wstring_convert, and the <codecvt> header (containing std::codecvt_mode, std::codecvt_utf8, std::codecvt_utf16, and std::codecvt_utf8_utf16) are deprecated in C++17. (The std::codecvt class template is NOT deprecated.) The C++ Standard doesn't provide equivalent non-deprecated functionality; consider using MultiByteToWideChar() and WideCharToMultiByte() from <Windows.h> instead. You can define _SILENCE_CXX17_CODECVT_HEADER_DEPRECATION_WARNING or _SILENCE_ALL_CXX17_DEPRECATION_WARNINGS to suppress this warning.
C:\Users\Shadow\Desktop\CThread-Eft\CThread-Eft\mono.hpp(14,68): error C4996: 'std::wstring_convert<std::codecvt_utf8_utf16<char16_t,1114111,(std::codecvt_mode)0>,char16_t,std::allocator<char16_t>,std::allocator<char>>::wstring_convert': warning STL4017: std::wbuffer_convert, std::wstring_convert, and the <codecvt> header (containing std::codecvt_mode, std::codecvt_utf8, std::codecvt_utf16, and std::codecvt_utf8_utf16) are deprecated in C++17. (The std::codecvt class template is NOT deprecated.) The C++ Standard doesn't provide equivalent non-deprecated functionality; consider using MultiByteToWideChar() and WideCharToMultiByte() from <Windows.h> instead. You can define _SILENCE_CXX17_CODECVT_HEADER_DEPRECATION_WARNING or _SILENCE_ALL_CXX17_DEPRECATION_WARNINGS to suppress this warning.
C:\Users\Shadow\Desktop\CThread-Eft\CThread-Eft\mono.hpp(15,31): error C4996: 'std::wstring_convert<std::codecvt_utf8_utf16<char16_t,1114111,(std::codecvt_mode)0>,char16_t,std::allocator<char16_t>,std::allocator<char>>::from_bytes': warning STL4017: std::wbuffer_convert, std::wstring_convert, and the <codecvt> header (containing std::codecvt_mode, std::codecvt_utf8, std::codecvt_utf16, and std::codecvt_utf8_utf16) are deprecated in C++17. (The std::codecvt class template is NOT deprecated.) The C++ Standard doesn't provide equivalent non-deprecated functionality; consider using MultiByteToWideChar() and WideCharToMultiByte() from <Windows.h> instead. You can define _SILENCE_CXX17_CODECVT_HEADER_DEPRECATION_WARNING or _SILENCE_ALL_CXX17_DEPRECATION_WARNINGS to suppress this warning.
C:\Users\Shadow\Desktop\CThread-Eft\CThread-Eft\mono.hpp(218,1): warning C4312: 'reinterpret_cast': conversion from 'const int' to 'void *' of greater size
C:\Users\Shadow\Desktop\CThread-Eft\CThread-Eft\mono.hpp(291,162): warning C4312: 'reinterpret_cast': conversion from 'int' to 'void *' of greater size
C:\Users\Shadow\Desktop\CThread-Eft\CThread-Eft\Player.hpp(99,27): error C2143: syntax error: missing ';' before '*'
C:\Users\Shadow\Desktop\CThread-Eft\CThread-Eft\Player.hpp(99,27): error C4430: missing type specifier - int assumed. Note: C++ does not support default-int
C:\Users\Shadow\Desktop\CThread-Eft\CThread-Eft\Player.hpp(100,2): error C2334: unexpected token(s) preceding '{'; skipping apparent function body
C:\Users\Shadow\Desktop\CThread-Eft\CThread-Eft\Player.hpp(139,21): warning C4018: '<': signed/unsigned mismatch
C:\Users\Shadow\Desktop\CThread-Eft\CThread-Eft\Player.hpp(151,26): warning C4244: 'initializing': conversion from 'T' to 'uint32_t', possible loss of data
          with
          [
              T=uint64_t
          ]
C:\Users\Shadow\Desktop\CThread-Eft\CThread-Eft\Player.hpp(153,22): warning C4018: '<': signed/unsigned mismatch
C:\Users\Shadow\Desktop\CThread-Eft\CThread-Eft\Player.hpp(167,23): warning C4018: '<': signed/unsigned mismatch
C:\Users\Shadow\Desktop\CThread-Eft\CThread-Eft\Player.hpp(188,25): warning C4018: '<': signed/unsigned mismatch
C:\Users\Shadow\Desktop\CThread-Eft\CThread-Eft\Player.hpp(218,21): warning C4018: '<': signed/unsigned mismatch
C:\Users\Shadow\Desktop\CThread-Eft\CThread-Eft\Player.hpp(256,24): warning C4018: '<': signed/unsigned mismatch
C:\Users\Shadow\Desktop\CThread-Eft\CThread-Eft\Player.hpp(278,24): warning C4018: '<': signed/unsigned mismatch
C:\Users\Shadow\Desktop\CThread-Eft\CThread-Eft\Player.hpp(303,27): error C2143: syntax error: missing ';' before '*'
C:\Users\Shadow\Desktop\CThread-Eft\CThread-Eft\Player.hpp(303,27): error C4430: missing type specifier - int assumed. Note: C++ does not support default-int
C:\Users\Shadow\Desktop\CThread-Eft\CThread-Eft\Player.hpp(303,41): error C2238: unexpected token(s) preceding ';'
C:\Users\Shadow\Desktop\CThread-Eft\CThread-Eft\Player.hpp(294,3): error C2065: 'weapon_class': undeclared identifier
C:\Users\Shadow\Desktop\CThread-Eft\CThread-Eft\Player.hpp(294,32): error C2039: 'get_weapon': is not a member of 'Player'
C:\Users\Shadow\Desktop\CThread-Eft\CThread-Eft\Player.hpp(8,7): message : see declaration of 'Player'
C:\Users\Shadow\Desktop\CThread-Eft\CThread-Eft\Player.hpp(298,23): error C2065: 'weapon_class': undeclared identifier
