  imgui.cpp
C:\Users\Shadow\Desktop\Northside Eft\usermode\imgui\imgui.cpp(11085,99): warning C4305: 'argument': truncation from 'double' to 'float'
  imgui_draw.cpp
  imgui_impl_dx9.cpp
  imgui_impl_win32.cpp
  imgui_tables.cpp
  imgui_widgets.cpp
C:\Users\Shadow\Desktop\Northside Eft\usermode\imgui\imgui_widgets.cpp(154,18): warning C4244: 'initializing': conversion from 'double' to 'float', possible loss of data
C:\Users\Shadow\Desktop\Northside Eft\usermode\imgui\imgui_widgets.cpp(207,22): warning C4244: 'initializing': conversion from 'double' to 'float', possible loss of data
C:\Users\Shadow\Desktop\Northside Eft\usermode\imgui\imgui_widgets.cpp(207,19): warning C4244: 'initializing': conversion from 'double' to 'const float', possible loss of data
C:\Users\Shadow\Desktop\Northside Eft\usermode\imgui\imgui_widgets.cpp(244,27): warning C4244: 'argument': conversion from 'double' to 'float', possible loss of data
C:\Users\Shadow\Desktop\Northside Eft\usermode\imgui\imgui_widgets.cpp(253,56): warning C4244: 'argument': conversion from 'double' to 'float', possible loss of data
C:\Users\Shadow\Desktop\Northside Eft\usermode\imgui\imgui_widgets.cpp(254,24): warning C4244: 'argument': conversion from 'double' to 'float', possible loss of data
C:\Users\Shadow\Desktop\Northside Eft\usermode\imgui\imgui_widgets.cpp(257,48): warning C4244: 'argument': conversion from 'int' to 'float', possible loss of data
  imgui_impl_dx11.cpp
  main.cpp
C:\Users\Shadow\Desktop\Northside Eft\usermode\math.hpp(220,65): warning C4244: 'argument': conversion from 'double' to 'float', possible loss of data
C:\Users\Shadow\Desktop\Northside Eft\usermode\math.hpp(269,21): warning C4244: '=': conversion from 'double' to 'float', possible loss of data
C:\Users\Shadow\Desktop\Northside Eft\usermode\math.hpp(270,21): warning C4244: '=': conversion from 'double' to 'float', possible loss of data
C:\Users\Shadow\Desktop\Northside Eft\usermode\math.hpp(271,24): warning C4244: '=': conversion from 'double' to 'float', possible loss of data
C:\Users\Shadow\Desktop\Northside Eft\usermode\math.hpp(272,24): warning C4244: '=': conversion from 'double' to 'float', possible loss of data
C:\Users\Shadow\Desktop\Northside Eft\usermode\Player.hpp(111,21): warning C4018: '<': signed/unsigned mismatch
C:\Users\Shadow\Desktop\Northside Eft\usermode\Player.hpp(123,26): warning C4244: 'initializing': conversion from 'T' to 'uint32_t', possible loss of data
          with
          [
              T=uint64_t
          ]
C:\Users\Shadow\Desktop\Northside Eft\usermode\Player.hpp(125,22): warning C4018: '<': signed/unsigned mismatch
C:\Users\Shadow\Desktop\Northside Eft\usermode\Player.hpp(139,23): warning C4018: '<': signed/unsigned mismatch
C:\Users\Shadow\Desktop\Northside Eft\usermode\Player.hpp(160,25): warning C4018: '<': signed/unsigned mismatch
C:\Users\Shadow\Desktop\Northside Eft\usermode\Player.hpp(190,21): warning C4018: '<': signed/unsigned mismatch
C:\Users\Shadow\Desktop\Northside Eft\usermode\Player.hpp(228,24): warning C4018: '<': signed/unsigned mismatch
C:\Users\Shadow\Desktop\Northside Eft\usermode\Player.hpp(250,24): warning C4018: '<': signed/unsigned mismatch
C:\Users\Shadow\Desktop\Northside Eft\usermode\mono.hpp(17,28): error C4996: 'std::codecvt_utf8_utf16<char16_t,1114111,(std::codecvt_mode)0>': warning STL4017: std::wbuffer_convert, std::wstring_convert, and the <codecvt> header (containing std::codecvt_mode, std::codecvt_utf8, std::codecvt_utf16, and std::codecvt_utf8_utf16) are deprecated in C++17. (The std::codecvt class template is NOT deprecated.) The C++ Standard doesn't provide equivalent non-deprecated functionality; consider using MultiByteToWideChar() and WideCharToMultiByte() from <Windows.h> instead. You can define _SILENCE_CXX17_CODECVT_HEADER_DEPRECATION_WARNING or _SILENCE_ALL_CXX17_DEPRECATION_WARNINGS to acknowledge that you have received this warning.
C:\Program Files\Microsoft Visual Studio\2022\Community\VC\Tools\MSVC\14.33.31629\include\codecvt(440,1): message : see declaration of 'std::codecvt_utf8_utf16'
C:\Users\Shadow\Desktop\Northside Eft\usermode\mono.hpp(17,7): error C4996: 'std::wstring_convert<std::codecvt_utf8_utf16<char16_t,1114111,(std::codecvt_mode)0>,char16_t,std::allocator<char16_t>,std::allocator<char>>': warning STL4017: std::wbuffer_convert, std::wstring_convert, and the <codecvt> header (containing std::codecvt_mode, std::codecvt_utf8, std::codecvt_utf16, and std::codecvt_utf8_utf16) are deprecated in C++17. (The std::codecvt class template is NOT deprecated.) The C++ Standard doesn't provide equivalent non-deprecated functionality; consider using MultiByteToWideChar() and WideCharToMultiByte() from <Windows.h> instead. You can define _SILENCE_CXX17_CODECVT_HEADER_DEPRECATION_WARNING or _SILENCE_ALL_CXX17_DEPRECATION_WARNINGS to acknowledge that you have received this warning.
C:\Program Files\Microsoft Visual Studio\2022\Community\VC\Tools\MSVC\14.33.31629\include\xlocbuf(302,1): message : see declaration of 'std::wstring_convert'
C:\Users\Shadow\Desktop\Northside Eft\usermode\mono.hpp(17): error C4996: 'std::wstring_convert<std::codecvt_utf8_utf16<char16_t,1114111,(std::codecvt_mode)0>,char16_t,std::allocator<char16_t>,std::allocator<char>>::__autoclassinit2': warning STL4017: std::wbuffer_convert, std::wstring_convert, and the <codecvt> header (containing std::codecvt_mode, std::codecvt_utf8, std::codecvt_utf16, and std::codecvt_utf8_utf16) are deprecated in C++17. (The std::codecvt class template is NOT deprecated.) The C++ Standard doesn't provide equivalent non-deprecated functionality; consider using MultiByteToWideChar() and WideCharToMultiByte() from <Windows.h> instead. You can define _SILENCE_CXX17_CODECVT_HEADER_DEPRECATION_WARNING or _SILENCE_ALL_CXX17_DEPRECATION_WARNINGS to acknowledge that you have received this warning.
C:\Users\Shadow\Desktop\Northside Eft\usermode\mono.hpp(17,68): error C4996: 'std::wstring_convert<std::codecvt_utf8_utf16<char16_t,1114111,(std::codecvt_mode)0>,char16_t,std::allocator<char16_t>,std::allocator<char>>::wstring_convert': warning STL4017: std::wbuffer_convert, std::wstring_convert, and the <codecvt> header (containing std::codecvt_mode, std::codecvt_utf8, std::codecvt_utf16, and std::codecvt_utf8_utf16) are deprecated in C++17. (The std::codecvt class template is NOT deprecated.) The C++ Standard doesn't provide equivalent non-deprecated functionality; consider using MultiByteToWideChar() and WideCharToMultiByte() from <Windows.h> instead. You can define _SILENCE_CXX17_CODECVT_HEADER_DEPRECATION_WARNING or _SILENCE_ALL_CXX17_DEPRECATION_WARNINGS to acknowledge that you have received this warning.
C:\Users\Shadow\Desktop\Northside Eft\usermode\mono.hpp(18,31): error C4996: 'std::wstring_convert<std::codecvt_utf8_utf16<char16_t,1114111,(std::codecvt_mode)0>,char16_t,std::allocator<char16_t>,std::allocator<char>>::from_bytes': warning STL4017: std::wbuffer_convert, std::wstring_convert, and the <codecvt> header (containing std::codecvt_mode, std::codecvt_utf8, std::codecvt_utf16, and std::codecvt_utf8_utf16) are deprecated in C++17. (The std::codecvt class template is NOT deprecated.) The C++ Standard doesn't provide equivalent non-deprecated functionality; consider using MultiByteToWideChar() and WideCharToMultiByte() from <Windows.h> instead. You can define _SILENCE_CXX17_CODECVT_HEADER_DEPRECATION_WARNING or _SILENCE_ALL_CXX17_DEPRECATION_WARNINGS to acknowledge that you have received this warning.
C:\Users\Shadow\Desktop\Northside Eft\usermode\mono.hpp(221,1): warning C4312: 'reinterpret_cast': conversion from 'const int' to 'void *' of greater size
C:\Users\Shadow\Desktop\Northside Eft\usermode\mono.hpp(294,162): warning C4312: 'reinterpret_cast': conversion from 'int' to 'void *' of greater size
C:\Users\Shadow\Desktop\Northside Eft\usermode\globals.hpp(113,38): warning C4305: 'argument': truncation from 'double' to 'float'
C:\Users\Shadow\Desktop\Northside Eft\usermode\drawing.hpp(39,24): warning C4244: 'initializing': conversion from 'LONG_PTR' to 'long', possible loss of data
C:\Users\Shadow\Desktop\Northside Eft\usermode\drawing.hpp(80,21): warning C4244: 'initializing': conversion from 'int' to 'float', possible loss of data
C:\Users\Shadow\Desktop\Northside Eft\usermode\drawing.hpp(81,21): warning C4244: 'initializing': conversion from 'int' to 'float', possible loss of data
C:\Users\Shadow\Desktop\Northside Eft\usermode\drawing.hpp(85,168): warning C4305: 'argument': truncation from 'double' to 'float'
C:\Users\Shadow\Desktop\Northside Eft\usermode\drawing.hpp(85,70): warning C4244: 'argument': conversion from 'int' to 'float', possible loss of data
C:\Users\Shadow\Desktop\Northside Eft\usermode\drawing.hpp(85,59): warning C4244: 'argument': conversion from 'int' to 'float', possible loss of data
C:\Users\Shadow\Desktop\Northside Eft\usermode\drawing.hpp(85,56): warning C4244: 'argument': conversion from 'int' to 'float', possible loss of data
C:\Users\Shadow\Desktop\Northside Eft\usermode\drawing.hpp(86,168): warning C4305: 'argument': truncation from 'double' to 'float'
C:\Users\Shadow\Desktop\Northside Eft\usermode\drawing.hpp(86,81): warning C4244: 'argument': conversion from 'int' to 'float', possible loss of data
C:\Users\Shadow\Desktop\Northside Eft\usermode\drawing.hpp(86,59): warning C4244: 'argument': conversion from 'int' to 'float', possible loss of data
C:\Users\Shadow\Desktop\Northside Eft\usermode\drawing.hpp(86,56): warning C4244: 'argument': conversion from 'int' to 'float', possible loss of data
C:\Users\Shadow\Desktop\Northside Eft\usermode\drawing.hpp(87,176): warning C4305: 'argument': truncation from 'double' to 'float'
C:\Users\Shadow\Desktop\Northside Eft\usermode\drawing.hpp(87,89): warning C4244: 'argument': conversion from 'int' to 'float', possible loss of data
C:\Users\Shadow\Desktop\Northside Eft\usermode\drawing.hpp(87,84): warning C4244: 'argument': conversion from 'int' to 'float', possible loss of data
C:\Users\Shadow\Desktop\Northside Eft\usermode\drawing.hpp(87,71): warning C4244: 'argument': conversion from 'int' to 'float', possible loss of data
C:\Users\Shadow\Desktop\Northside Eft\usermode\drawing.hpp(88,176): warning C4305: 'argument': truncation from 'double' to 'float'
C:\Users\Shadow\Desktop\Northside Eft\usermode\drawing.hpp(88,76): warning C4244: 'argument': conversion from 'int' to 'float', possible loss of data
C:\Users\Shadow\Desktop\Northside Eft\usermode\drawing.hpp(88,63): warning C4244: 'argument': conversion from 'int' to 'float', possible loss of data
C:\Users\Shadow\Desktop\Northside Eft\usermode\drawing.hpp(88,58): warning C4244: 'argument': conversion from 'int' to 'float', possible loss of data
C:\Users\Shadow\Desktop\Northside Eft\usermode\drawing.hpp(89,176): warning C4305: 'argument': truncation from 'double' to 'float'
C:\Users\Shadow\Desktop\Northside Eft\usermode\drawing.hpp(89,87): warning C4244: 'argument': conversion from 'int' to 'float', possible loss of data
C:\Users\Shadow\Desktop\Northside Eft\usermode\drawing.hpp(89,82): warning C4244: 'argument': conversion from 'int' to 'float', possible loss of data
C:\Users\Shadow\Desktop\Northside Eft\usermode\drawing.hpp(89,56): warning C4244: 'argument': conversion from 'int' to 'float', possible loss of data
C:\Users\Shadow\Desktop\Northside Eft\usermode\drawing.hpp(90,176): warning C4305: 'argument': truncation from 'double' to 'float'
C:\Users\Shadow\Desktop\Northside Eft\usermode\drawing.hpp(90,87): warning C4244: 'argument': conversion from 'int' to 'float', possible loss of data
C:\Users\Shadow\Desktop\Northside Eft\usermode\drawing.hpp(90,61): warning C4244: 'argument': conversion from 'int' to 'float', possible loss of data
C:\Users\Shadow\Desktop\Northside Eft\usermode\drawing.hpp(90,56): warning C4244: 'argument': conversion from 'int' to 'float', possible loss of data
C:\Users\Shadow\Desktop\Northside Eft\usermode\drawing.hpp(91,184): warning C4305: 'argument': truncation from 'double' to 'float'
C:\Users\Shadow\Desktop\Northside Eft\usermode\drawing.hpp(91,95): warning C4244: 'argument': conversion from 'int' to 'float', possible loss of data
C:\Users\Shadow\Desktop\Northside Eft\usermode\drawing.hpp(91,88): warning C4244: 'argument': conversion from 'int' to 'float', possible loss of data
C:\Users\Shadow\Desktop\Northside Eft\usermode\drawing.hpp(91,73): warning C4244: 'argument': conversion from 'int' to 'float', possible loss of data
C:\Users\Shadow\Desktop\Northside Eft\usermode\drawing.hpp(92,184): warning C4305: 'argument': truncation from 'double' to 'float'
C:\Users\Shadow\Desktop\Northside Eft\usermode\drawing.hpp(92,95): warning C4244: 'argument': conversion from 'int' to 'float', possible loss of data
C:\Users\Shadow\Desktop\Northside Eft\usermode\drawing.hpp(92,88): warning C4244: 'argument': conversion from 'int' to 'float', possible loss of data
C:\Users\Shadow\Desktop\Northside Eft\usermode\drawing.hpp(92,58): warning C4244: 'argument': conversion from 'int' to 'float', possible loss of data
C:\Users\Shadow\Desktop\Northside Eft\usermode\drawing.hpp(95,112): warning C4244: 'argument': conversion from 'int' to 'float', possible loss of data
C:\Users\Shadow\Desktop\Northside Eft\usermode\drawing.hpp(95,70): warning C4244: 'argument': conversion from 'int' to 'float', possible loss of data
C:\Users\Shadow\Desktop\Northside Eft\usermode\drawing.hpp(95,59): warning C4244: 'argument': conversion from 'int' to 'float', possible loss of data
C:\Users\Shadow\Desktop\Northside Eft\usermode\drawing.hpp(95,56): warning C4244: 'argument': conversion from 'int' to 'float', possible loss of data
C:\Users\Shadow\Desktop\Northside Eft\usermode\drawing.hpp(96,112): warning C4244: 'argument': conversion from 'int' to 'float', possible loss of data
C:\Users\Shadow\Desktop\Northside Eft\usermode\drawing.hpp(96,81): warning C4244: 'argument': conversion from 'int' to 'float', possible loss of data
C:\Users\Shadow\Desktop\Northside Eft\usermode\drawing.hpp(96,59): warning C4244: 'argument': conversion from 'int' to 'float', possible loss of data
C:\Users\Shadow\Desktop\Northside Eft\usermode\drawing.hpp(96,56): warning C4244: 'argument': conversion from 'int' to 'float', possible loss of data
C:\Users\Shadow\Desktop\Northside Eft\usermode\drawing.hpp(97,120): warning C4244: 'argument': conversion from 'int' to 'float', possible loss of data
C:\Users\Shadow\Desktop\Northside Eft\usermode\drawing.hpp(97,89): warning C4244: 'argument': conversion from 'int' to 'float', possible loss of data
C:\Users\Shadow\Desktop\Northside Eft\usermode\drawing.hpp(97,84): warning C4244: 'argument': conversion from 'int' to 'float', possible loss of data
C:\Users\Shadow\Desktop\Northside Eft\usermode\drawing.hpp(97,71): warning C4244: 'argument': conversion from 'int' to 'float', possible loss of data
C:\Users\Shadow\Desktop\Northside Eft\usermode\drawing.hpp(98,120): warning C4244: 'argument': conversion from 'int' to 'float', possible loss of data
C:\Users\Shadow\Desktop\Northside Eft\usermode\drawing.hpp(98,76): warning C4244: 'argument': conversion from 'int' to 'float', possible loss of data
C:\Users\Shadow\Desktop\Northside Eft\usermode\drawing.hpp(98,63): warning C4244: 'argument': conversion from 'int' to 'float', possible loss of data
C:\Users\Shadow\Desktop\Northside Eft\usermode\drawing.hpp(98,58): warning C4244: 'argument': conversion from 'int' to 'float', possible loss of data
C:\Users\Shadow\Desktop\Northside Eft\usermode\drawing.hpp(99,120): warning C4244: 'argument': conversion from 'int' to 'float', possible loss of data
C:\Users\Shadow\Desktop\Northside Eft\usermode\drawing.hpp(99,87): warning C4244: 'argument': conversion from 'int' to 'float', possible loss of data
C:\Users\Shadow\Desktop\Northside Eft\usermode\drawing.hpp(99,82): warning C4244: 'argument': conversion from 'int' to 'float', possible loss of data
C:\Users\Shadow\Desktop\Northside Eft\usermode\drawing.hpp(99,56): warning C4244: 'argument': conversion from 'int' to 'float', possible loss of data
C:\Users\Shadow\Desktop\Northside Eft\usermode\drawing.hpp(100,120): warning C4244: 'argument': conversion from 'int' to 'float', possible loss of data
C:\Users\Shadow\Desktop\Northside Eft\usermode\drawing.hpp(100,87): warning C4244: 'argument': conversion from 'int' to 'float', possible loss of data
C:\Users\Shadow\Desktop\Northside Eft\usermode\drawing.hpp(100,61): warning C4244: 'argument': conversion from 'int' to 'float', possible loss of data
C:\Users\Shadow\Desktop\Northside Eft\usermode\drawing.hpp(100,56): warning C4244: 'argument': conversion from 'int' to 'float', possible loss of data
C:\Users\Shadow\Desktop\Northside Eft\usermode\drawing.hpp(101,128): warning C4244: 'argument': conversion from 'int' to 'float', possible loss of data
C:\Users\Shadow\Desktop\Northside Eft\usermode\drawing.hpp(101,95): warning C4244: 'argument': conversion from 'int' to 'float', possible loss of data
C:\Users\Shadow\Desktop\Northside Eft\usermode\drawing.hpp(101,88): warning C4244: 'argument': conversion from 'int' to 'float', possible loss of data
C:\Users\Shadow\Desktop\Northside Eft\usermode\drawing.hpp(101,73): warning C4244: 'argument': conversion from 'int' to 'float', possible loss of data
C:\Users\Shadow\Desktop\Northside Eft\usermode\drawing.hpp(102,128): warning C4244: 'argument': conversion from 'int' to 'float', possible loss of data
C:\Users\Shadow\Desktop\Northside Eft\usermode\drawing.hpp(102,95): warning C4244: 'argument': conversion from 'int' to 'float', possible loss of data
C:\Users\Shadow\Desktop\Northside Eft\usermode\drawing.hpp(102,88): warning C4244: 'argument': conversion from 'int' to 'float', possible loss of data
C:\Users\Shadow\Desktop\Northside Eft\usermode\drawing.hpp(102,58): warning C4244: 'argument': conversion from 'int' to 'float', possible loss of data
C:\Users\Shadow\Desktop\Northside Eft\usermode\drawing.hpp(214,47): warning C4244: 'argument': conversion from 'float' to 'BYTE', possible loss of data
C:\Users\Shadow\Desktop\Northside Eft\usermode\drawing.hpp(271,99): warning C4305: 'argument': truncation from 'double' to 'float'
C:\Users\Shadow\Desktop\Northside Eft\usermode\drawing.hpp(272,98): warning C4305: 'argument': truncation from 'double' to 'float'
C:\Users\Shadow\Desktop\Northside Eft\usermode\drawing.hpp(504,38): warning C4305: 'initializing': truncation from 'double' to 'float'
C:\Users\Shadow\Desktop\Northside Eft\usermode\drawing.hpp(576,58): warning C4244: 'argument': conversion from 'float' to 'int', possible loss of data
C:\Users\Shadow\Desktop\Northside Eft\usermode\drawing.hpp(576,51): warning C4244: 'argument': conversion from 'float' to 'int', possible loss of data
C:\Users\Shadow\Desktop\Northside Eft\usermode\drawing.hpp(576,48): warning C4244: 'argument': conversion from 'float' to 'int', possible loss of data
C:\Users\Shadow\Desktop\Northside Eft\usermode\drawing.hpp(576,45): warning C4244: 'argument': conversion from 'float' to 'int', possible loss of data
C:\Users\Shadow\Desktop\Northside Eft\usermode\drawing.hpp(586,90): warning C4244: 'argument': conversion from 'double' to 'float', possible loss of data
C:\Users\Shadow\Desktop\Northside Eft\usermode\drawing.hpp(586,53): warning C4244: 'argument': conversion from 'double' to 'float', possible loss of data
C:\Users\Shadow\Desktop\Northside Eft\usermode\drawing.hpp(255,18): warning C4101: 'linesa': unreferenced local variable
C:\Users\Shadow\Desktop\Northside Eft\usermode\drawing.hpp(385,35): warning C4101: 'distance': unreferenced local variable
C:\Users\Shadow\Desktop\Northside Eft\usermode\drawing.hpp(414,34): warning C4101: 'test1': unreferenced local variable
C:\Users\Shadow\Desktop\Northside Eft\usermode\drawing.hpp(417,35): warning C4101: 'distance1': unreferenced local variable
C:\Users\Shadow\Desktop\Northside Eft\usermode\drawing.hpp(416,35): warning C4101: 'smoothing': unreferenced local variable
C:\Users\Shadow\Desktop\Northside Eft\usermode\drawing.hpp(456,34): warning C4101: 'test2': unreferenced local variable
C:\Users\Shadow\Desktop\Northside Eft\usermode\drawing.hpp(476,34): warning C4101: 'test2': unreferenced local variable
C:\Users\Shadow\Desktop\Northside Eft\usermode\Aimbot.hpp(26,16): warning C4552: '+': result of expression not used
C:\Users\Shadow\Desktop\Northside Eft\usermode\features.hpp(175,27): warning C4244: '=': conversion from 'int' to 'float', possible loss of data
C:\Users\Shadow\Desktop\Northside Eft\usermode\features.hpp(203,26): warning C4244: '=': conversion from 'int' to 'float', possible loss of data
C:\Users\Shadow\Desktop\Northside Eft\usermode\main.cpp(146,48): warning C4244: '=': conversion from 'int' to 'float', possible loss of data
C:\Users\Shadow\Desktop\Northside Eft\usermode\main.cpp(147,48): warning C4244: '=': conversion from 'int' to 'float', possible loss of data
C:\Users\Shadow\Desktop\Northside Eft\usermode\mono.hpp(189,2): warning C4311: 'reinterpret_cast': pointer truncation from 'void *' to 'unsigned int'
C:\Users\Shadow\Desktop\Northside Eft\usermode\mono.hpp(221): message : see reference to function template instantiation 'T *mono_hash_table_t::lookup<mono_class_t>(void *)' being compiled
          with
          [
              T=mono_class_t
          ]
C:\Users\Shadow\Desktop\Northside Eft\usermode\mono.hpp(189,2): warning C4302: 'reinterpret_cast': truncation from 'void *' to 'unsigned int'
C:\Users\Shadow\Desktop\Northside Eft\usermode\mono.hpp(189,2): warning C4312: 'reinterpret_cast': conversion from 'unsigned int' to 'void *' of greater size
C:\Program Files\Microsoft Visual Studio\2022\Community\VC\Tools\MSVC\14.33.31629\include\xstring(2824,53): warning C4244: 'argument': conversion from 'wchar_t' to 'const _Elem', possible loss of data
          with
          [
              _Elem=char
          ]
C:\Program Files\Microsoft Visual Studio\2022\Community\VC\Tools\MSVC\14.33.31629\include\xstring(2664): message : see reference to function template instantiation 'void std::basic_string<char,std::char_traits<char>,std::allocator<char>>::_Construct_from_iter<wchar_t*>(_Iter,const _Iter)' being compiled
          with
          [
              _Iter=wchar_t *
          ]
C:\Program Files\Microsoft Visual Studio\2022\Community\VC\Tools\MSVC\14.33.31629\include\xstring(2664): message : see reference to function template instantiation 'void std::basic_string<char,std::char_traits<char>,std::allocator<char>>::_Construct_from_iter<wchar_t*>(_Iter,const _Iter)' being compiled
          with
          [
              _Iter=wchar_t *
          ]
C:\Users\Shadow\Desktop\Northside Eft\usermode\memory.hpp(221): message : see reference to function template instantiation 'std::basic_string<char,std::char_traits<char>,std::allocator<char>>::basic_string<std::_String_iterator<std::_String_val<std::_Simple_types<_Elem>>>,0>(_Iter,_Iter,const _Alloc &)' being compiled
          with
          [
              _Elem=wchar_t,
              _Iter=std::_String_iterator<std::_String_val<std::_Simple_types<wchar_t>>>,
              _Alloc=std::allocator<char>
          ]
C:\Users\Shadow\Desktop\Northside Eft\usermode\memory.hpp(221): message : see reference to function template instantiation 'std::basic_string<char,std::char_traits<char>,std::allocator<char>>::basic_string<std::_String_iterator<std::_String_val<std::_Simple_types<_Elem>>>,0>(_Iter,_Iter,const _Alloc &)' being compiled
          with
          [
              _Elem=wchar_t,
              _Iter=std::_String_iterator<std::_String_val<std::_Simple_types<wchar_t>>>,
              _Alloc=std::allocator<char>
          ]
  Generating Code...
C:\Users\Shadow\Desktop\Northside Eft\usermode\imgui\imgui_widgets.cpp(222): warning C4715: 'ImGui::BufferingBar': not all control paths return a value
C:\Users\Shadow\Desktop\Northside Eft\usermode\imgui\imgui_widgets.cpp(258): warning C4715: 'ImGui::Spinner': not all control paths return a value
