c:\users\shadow\desktop\nothispointers-main\noahcantcodeinternal\noahcantcodeinternal\x64\release\vc143.pdb
c:\users\shadow\desktop\nothispointers-main\noahcantcodeinternal\noahcantcodeinternal\x64\release\memory.obj
c:\users\shadow\desktop\nothispointers-main\noahcantcodeinternal\noahcantcodeinternal\x64\release\imgui_widgets.obj
c:\users\shadow\desktop\nothispointers-main\noahcantcodeinternal\noahcantcodeinternal\x64\release\imgui_tables.obj
c:\users\shadow\desktop\nothispointers-main\noahcantcodeinternal\noahcantcodeinternal\x64\release\imgui_impl_win32.obj
c:\users\shadow\desktop\nothispointers-main\noahcantcodeinternal\noahcantcodeinternal\x64\release\imgui_impl_dx11.obj
c:\users\shadow\desktop\nothispointers-main\noahcantcodeinternal\noahcantcodeinternal\x64\release\imgui_draw.obj
c:\users\shadow\desktop\nothispointers-main\noahcantcodeinternal\noahcantcodeinternal\x64\release\imgui_demo.obj
c:\users\shadow\desktop\nothispointers-main\noahcantcodeinternal\noahcantcodeinternal\x64\release\imgui.obj
c:\users\shadow\desktop\nothispointers-main\noahcantcodeinternal\noahcantcodeinternal\x64\release\dllmain.obj
c:\users\shadow\desktop\nothispointers-main\noahcantcodeinternal\x64\release\noahcantcodeinternal.dll
c:\users\shadow\desktop\nothispointers-main\noahcantcodeinternal\noahcantcodeinternal\x64\release\noahcantcodeinternal.ipdb
c:\users\shadow\desktop\nothispointers-main\noahcantcodeinternal\x64\release\noahcantcodeinternal.pdb
c:\users\shadow\desktop\nothispointers-main\noahcantcodeinternal\noahcantcodeinternal\x64\release\noahcantcodeinternal.iobj
c:\users\shadow\desktop\nothispointers-main\noahcantcodeinternal\noahcantcodeinternal\x64\release\noahcant.2a2ca25b.tlog\cl.command.1.tlog
c:\users\shadow\desktop\nothispointers-main\noahcantcodeinternal\noahcantcodeinternal\x64\release\noahcant.2a2ca25b.tlog\cl.read.1.tlog
c:\users\shadow\desktop\nothispointers-main\noahcantcodeinternal\noahcantcodeinternal\x64\release\noahcant.2a2ca25b.tlog\cl.write.1.tlog
c:\users\shadow\desktop\nothispointers-main\noahcantcodeinternal\noahcantcodeinternal\x64\release\noahcant.2a2ca25b.tlog\link.command.1.tlog
c:\users\shadow\desktop\nothispointers-main\noahcantcodeinternal\noahcantcodeinternal\x64\release\noahcant.2a2ca25b.tlog\link.read.1.tlog
c:\users\shadow\desktop\nothispointers-main\noahcantcodeinternal\noahcantcodeinternal\x64\release\noahcant.2a2ca25b.tlog\link.write.1.tlog
